
[2026-07-06 15:46:28] INFO: Server started on port 3000
[2026-07-06 15:47:30] INFO: Server started on port 3000
[2026-07-06 15:57:28] INFO: Server started on port 3000
[2026-07-06 15:59:03] INFO: Server started on port 3000
[2026-07-06 15:59:08] INFO: GET /
[2026-07-06 16:00:52] INFO: Server started on port 3000
[2026-07-06 16:00:53] INFO: Server started on port 3000
[2026-07-06 16:01:01] INFO: Server started on port 3000
[2026-07-06 16:01:05] INFO: GET /
[2026-07-06 16:01:39] INFO: Server started on port 3000
[2026-07-06 16:01:44] INFO: GET /
[2026-07-06 16:02:43] INFO: Server started on port 3000
[2026-07-06 16:02:43] INFO: GET /
[2026-07-06 16:02:48] INFO: GET /
[2026-07-06 16:03:01] INFO: GET /
[2026-07-06 16:03:26] INFO: Server started on port 3000
[2026-07-06 16:03:26] INFO: GET /
[2026-07-06 16:03:50] INFO: Server started on port 3000
[2026-07-06 16:03:54] INFO: GET /
[2026-07-06 16:05:56] INFO: GET /
[2026-07-06 16:05:58] INFO: GET /
[2026-07-06 16:06:14] INFO: Server started on port 3000
[2026-07-06 16:06:15] INFO: GET /
[2026-07-06 16:06:27] INFO: Server started on port 3000
[2026-07-06 16:06:27] INFO: GET /
[2026-07-06 16:07:01] INFO: Server started on port 3000
[2026-07-06 16:07:02] INFO: GET /
[2026-07-06 16:42:30] INFO: Server started on port 3000
[2026-07-06 16:42:30] INFO: Server started on port 3000
[2026-07-06 16:44:06] INFO: Server started on port 3000
[2026-07-06 16:44:14] INFO: Server started on port 3000
[2026-07-06 16:44:34] INFO: Server started on port 3000
[2026-07-06 16:44:39] INFO: Server started on port 3000
[2026-07-06 16:44:44] INFO: GET /
[2026-07-06 16:45:15] INFO: Server started on port 3000
[2026-07-06 16:45:19] INFO: GET /
[2026-07-06 16:45:39] INFO: Server started on port 3000
[2026-07-06 16:45:41] INFO: GET /
[2026-07-06 16:46:21] INFO: Server started on port 3000
[2026-07-06 16:46:22] INFO: GET /
[2026-07-06 16:48:29] INFO: GET /
[2026-07-06 16:49:01] INFO: Server started on port 3000
[2026-07-06 16:49:06] INFO: GET /
[2026-07-06 16:49:28] INFO: Server started on port 3000
[2026-07-06 16:49:29] INFO: GET /
[2026-07-06 16:49:32] INFO: Server started on port 3000
[2026-07-06 16:49:33] INFO: GET /
[2026-07-06 16:49:47] INFO: Server started on port 3000
[2026-07-06 16:49:47] INFO: GET /
[2026-07-06 16:50:20] INFO: Server started on port 3000
[2026-07-06 16:50:23] INFO: GET /
[2026-07-06 16:50:28] INFO: GET /
[2026-07-06 16:50:54] INFO: Server started on port 3000
[2026-07-06 16:51:14] INFO: Server started on port 3000
[2026-07-06 16:51:17] INFO: GET /
[2026-07-06 16:51:40] INFO: Server started on port 3000
[2026-07-06 16:51:40] INFO: GET /
[2026-07-06 16:52:56] INFO: Server started on port 3000
[2026-07-06 16:56:37] INFO: GET /
[2026-07-06 16:57:03] INFO: Server started on port 3000
[2026-07-06 16:57:42] INFO: Server started on port 3000
[2026-07-06 16:57:48] INFO: Server started on port 3000
[2026-07-06 16:57:49] INFO: GET /
[2026-07-06 16:58:02] INFO: Server started on port 3000
[2026-07-06 16:58:03] INFO: GET /
[2026-07-06 16:58:19] INFO: Server started on port 3000
[2026-07-06 16:58:20] INFO: GET /
[2026-07-06 16:58:27] INFO: Server started on port 3000
[2026-07-06 16:58:28] INFO: GET /
[2026-07-06 16:58:33] INFO: Server started on port 3000
[2026-07-06 17:00:22] INFO: GET /
[2026-07-06 17:02:17] INFO: Server started on port 3000
[2026-07-06 17:02:18] INFO: Server started on port 3000
[2026-07-06 17:02:45] INFO: Server started on port 3000
[2026-07-06 17:02:46] INFO: GET /
[2026-07-06 17:03:06] INFO: Server started on port 3000
[2026-07-06 17:03:07] INFO: GET /
[2026-07-06 17:03:20] INFO: Server started on port 3000
[2026-07-06 17:03:40] INFO: Server started on port 3000
[2026-07-06 17:03:41] INFO: GET /
[2026-07-06 17:03:51] INFO: Server started on port 3000
[2026-07-06 17:03:52] INFO: GET /
[2026-07-06 17:04:12] INFO: GET /
[2026-07-06 17:05:13] INFO: Server started on port 3000
[2026-07-06 17:05:14] INFO: GET /
[2026-07-06 17:05:15] INFO: GET /
[2026-07-06 17:05:33] INFO: Server started on port 3000
[2026-07-06 17:05:45] INFO: Server started on port 3000
[2026-07-06 17:05:45] INFO: GET /
[2026-07-06 17:05:46] INFO: GET /
[2026-07-06 17:05:46] INFO: GET /
[2026-07-06 17:09:08] INFO: Server started on port 3000
[2026-07-06 17:09:38] INFO: Server started on port 3000
[2026-07-06 17:09:40] INFO: GET /
[2026-07-06 17:09:41] INFO: GET /
[2026-07-06 17:10:07] INFO: Server started on port 3000
[2026-07-06 17:10:26] INFO: Server started on port 3000
[2026-07-06 17:11:14] INFO: Server started on port 3000
[2026-07-06 17:11:38] INFO: Server started on port 3000
[2026-07-06 17:11:39] INFO: GET /
[2026-07-06 17:14:23] INFO: GET /
[2026-07-06 17:14:29] INFO: GET /api
[2026-07-06 17:14:31] INFO: GET /
[2026-07-06 17:15:44] INFO: Server started on port 3000
[2026-07-06 17:15:52] INFO: Server started on port 3000
[2026-07-06 17:15:55] INFO: GET /
[2026-07-06 17:15:58] INFO: GET /api
[2026-07-06 17:16:20] INFO: Server started on port 3000
[2026-07-06 17:16:20] INFO: GET /api
[2026-07-06 17:16:21] INFO: GET /
[2026-07-06 17:16:23] INFO: GET /api
[2026-07-06 17:16:56] INFO: Server started on port 3000
[2026-07-06 17:16:57] INFO: GET /api
[2026-07-06 17:16:57] INFO: GET /api
[2026-07-06 17:17:00] INFO: GET /
[2026-07-08 13:36:50] INFO: Server started on port 3000
[2026-07-08 13:36:50] INFO: Server started on port 3000
[2026-07-08 13:36:55] INFO: GET /
[2026-07-08 13:37:00] INFO: GET /
[2026-07-08 13:37:00] INFO: GET /
[2026-07-08 13:38:51] INFO: GET /
[2026-07-08 15:06:30] INFO: Server started on port 3000
[2026-07-08 15:06:30] INFO: Server started on port 3000
[2026-07-08 15:07:16] INFO: Server started on port 3000
[2026-07-08 15:09:03] INFO: Server started on port 3000
[2026-07-08 15:09:06] INFO: GET /
[2026-07-08 15:10:22] INFO: Server started on port 3000
[2026-07-08 15:11:23] INFO: Server started on port 3000
[2026-07-08 15:11:26] INFO: GET /
[2026-07-08 15:12:55] INFO: Server started on port 3000
[2026-07-08 15:13:01] INFO: GET /
[2026-07-08 15:13:16] INFO: Server started on port 3000
[2026-07-08 15:13:18] INFO: GET /
[2026-07-08 15:14:06] INFO: GET /
[2026-07-08 15:14:07] INFO: GET /
[2026-07-08 15:14:18] INFO: GET /
[2026-07-08 15:14:19] INFO: GET /
[2026-07-08 15:14:19] INFO: GET /
[2026-07-08 15:14:19] INFO: GET /
[2026-07-08 15:14:19] INFO: GET /
[2026-07-08 15:14:19] INFO: GET /
[2026-07-08 15:14:19] INFO: GET /
[2026-07-08 15:14:20] INFO: GET /
[2026-07-08 15:14:25] INFO: GET /
[2026-07-08 15:14:25] INFO: GET /
[2026-07-08 15:14:25] INFO: GET /
[2026-07-08 15:14:34] INFO: Server started on port 3000
[2026-07-08 15:14:36] INFO: GET /
[2026-07-08 15:14:38] INFO: GET /
[2026-07-08 15:14:38] INFO: GET /.well-known/appspecific/com.chrome.devtools.json
[2026-07-08 15:14:38] INFO: GET /favicon.ico
[2026-07-08 15:14:45] INFO: GET /
[2026-07-08 15:14:45] INFO: GET /.well-known/appspecific/com.chrome.devtools.json
[2026-07-08 15:14:45] INFO: GET /
[2026-07-08 15:14:45] INFO: GET /.well-known/appspecific/com.chrome.devtools.json
[2026-07-08 15:15:06] INFO: Server started on port 3000
[2026-07-08 15:15:11] INFO: Server started on port 3000
[2026-07-08 15:15:22] INFO: Server started on port 3000
[2026-07-08 15:15:24] INFO: GET /
[2026-07-08 15:15:24] INFO: GET /.well-known/appspecific/com.chrome.devtools.json
[2026-07-08 15:15:29] INFO: Server started on port 3000
[2026-07-08 15:15:31] INFO: GET /
[2026-07-08 15:15:31] INFO: GET /.well-known/appspecific/com.chrome.devtools.json
[2026-07-08 15:15:34] INFO: GET /
[2026-07-08 15:15:34] INFO: GET /.well-known/appspecific/com.chrome.devtools.json
[2026-07-08 15:15:34] INFO: GET /favicon.ico
[2026-07-08 15:15:40] INFO: Server started on port 3000
[2026-07-08 15:15:50] INFO: Server started on port 3000
[2026-07-08 15:16:17] INFO: GET /
[2026-07-08 15:16:17] INFO: GET /.well-known/appspecific/com.chrome.devtools.json
[2026-07-08 15:16:39] INFO: GET /
[2026-07-08 15:16:39] INFO: GET /.well-known/appspecific/com.chrome.devtools.json
[2026-07-08 15:17:13] INFO: Server started on port 3000
[2026-07-08 15:17:14] INFO: GET /
[2026-07-08 15:17:14] INFO: GET /.well-known/appspecific/com.chrome.devtools.json
[2026-07-08 15:17:20] INFO: Server started on port 3000
[2026-07-08 15:17:21] INFO: GET /
[2026-07-08 15:17:21] INFO: GET /.well-known/appspecific/com.chrome.devtools.json
[2026-07-08 15:17:24] INFO: Server started on port 3000
[2026-07-08 15:17:26] INFO: GET /
[2026-07-08 15:17:26] INFO: GET /.well-known/appspecific/com.chrome.devtools.json
[2026-07-08 15:17:26] INFO: GET /favicon.ico
[2026-07-08 15:17:27] INFO: GET /
[2026-07-08 15:17:27] INFO: GET /.well-known/appspecific/com.chrome.devtools.json
[2026-07-08 15:17:27] INFO: GET /favicon.ico
[2026-07-08 15:17:31] INFO: GET /
[2026-07-08 15:17:33] INFO: GET /
[2026-07-08 15:18:57] INFO: GET /
[2026-07-08 15:19:03] INFO: GET /.well-known/appspecific/com.chrome.devtools.json
[2026-07-08 15:19:07] INFO: GET /
[2026-07-08 15:19:07] INFO: GET /.well-known/appspecific/com.chrome.devtools.json
[2026-07-08 15:22:11] INFO: Server started on port 3000
[2026-07-08 15:23:07] INFO: Server started on port 3000
[2026-07-08 15:23:49] INFO: Server started on port 3000
[2026-07-08 15:23:56] INFO: GET /
[2026-07-08 15:23:56] INFO: GET /.well-known/appspecific/com.chrome.devtools.json
[2026-07-08 15:23:57] INFO: Server started on port 3000
[2026-07-08 15:23:59] INFO: GET /films
[2026-07-08 15:24:13] INFO: Server started on port 3000
[2026-07-08 15:24:15] INFO: GET /
[2026-07-08 15:24:15] INFO: GET /.well-known/appspecific/com.chrome.devtools.json
[2026-07-08 15:24:18] INFO: GET /films
[2026-07-08 15:24:19] INFO: GET /.well-known/appspecific/com.chrome.devtools.json
[2026-07-08 15:24:25] INFO: Server started on port 3000
[2026-07-08 15:24:39] INFO: GET /films
[2026-07-08 15:25:08] INFO: Server started on port 3000
[2026-07-08 15:25:10] INFO: GET /
[2026-07-08 15:25:10] INFO: GET /.well-known/appspecific/com.chrome.devtools.json
[2026-07-08 15:25:13] INFO: GET /films
[2026-07-08 15:25:22] INFO: Server started on port 3000
[2026-07-08 15:25:22] INFO: GET /films
[2026-07-08 15:25:23] INFO: GET /.well-known/appspecific/com.chrome.devtools.json
[2026-07-08 15:25:24] INFO: GET /films
[2026-07-08 15:25:24] INFO: GET /.well-known/appspecific/com.chrome.devtools.json
[2026-07-08 15:25:25] INFO: GET /films
[2026-07-08 15:25:25] INFO: GET /.well-known/appspecific/com.chrome.devtools.json
[2026-07-08 15:25:25] INFO: GET /films
[2026-07-08 15:25:25] INFO: GET /.well-known/appspecific/com.chrome.devtools.json
[2026-07-08 15:25:25] INFO: GET /films
[2026-07-08 15:25:25] INFO: GET /.well-known/appspecific/com.chrome.devtools.json
[2026-07-08 15:25:25] INFO: GET /films
[2026-07-08 15:25:25] INFO: GET /.well-known/appspecific/com.chrome.devtools.json
[2026-07-08 15:25:25] INFO: GET /films
[2026-07-08 15:25:25] INFO: GET /.well-known/appspecific/com.chrome.devtools.json
[2026-07-08 15:25:25] INFO: GET /films
[2026-07-08 15:25:25] INFO: GET /.well-known/appspecific/com.chrome.devtools.json
[2026-07-08 15:25:47] INFO: Server started on port 3000
[2026-07-08 15:25:48] INFO: GET /films
[2026-07-08 15:25:48] INFO: GET /.well-known/appspecific/com.chrome.devtools.json
[2026-07-08 15:25:55] INFO: GET /films
[2026-07-08 15:25:55] INFO: GET /.well-known/appspecific/com.chrome.devtools.json
[2026-07-08 15:25:55] INFO: GET /films
[2026-07-08 15:25:55] INFO: GET /.well-known/appspecific/com.chrome.devtools.json
[2026-07-08 15:25:56] INFO: GET /films
[2026-07-08 15:25:56] INFO: GET /.well-known/appspecific/com.chrome.devtools.json
[2026-07-08 15:25:56] INFO: GET /films
[2026-07-08 15:25:56] INFO: GET /.well-known/appspecific/com.chrome.devtools.json
[2026-07-08 15:25:57] INFO: GET /
[2026-07-08 15:25:57] INFO: GET /.well-known/appspecific/com.chrome.devtools.json
[2026-07-08 15:25:59] INFO: GET /
[2026-07-08 15:25:59] INFO: GET /.well-known/appspecific/com.chrome.devtools.json
[2026-07-08 15:26:05] INFO: Server started on port 3000
[2026-07-08 15:26:08] INFO: GET /
[2026-07-08 15:26:08] INFO: GET /.well-known/appspecific/com.chrome.devtools.json
[2026-07-08 15:26:08] INFO: GET /
[2026-07-08 15:26:08] INFO: GET /.well-known/appspecific/com.chrome.devtools.json
[2026-07-08 15:26:08] INFO: GET /
[2026-07-08 15:26:08] INFO: GET /.well-known/appspecific/com.chrome.devtools.json
[2026-07-08 15:26:20] INFO: GET /films
[2026-07-08 15:26:26] INFO: Server started on port 3000
[2026-07-08 15:26:26] INFO: GET /films
[2026-07-08 15:27:59] INFO: Server started on port 3000
[2026-07-08 15:28:00] INFO: GET /films
[2026-07-08 15:28:00] INFO: GET /.well-known/appspecific/com.chrome.devtools.json
[2026-07-08 15:28:01] INFO: GET /films
[2026-07-08 15:28:01] INFO: GET /.well-known/appspecific/com.chrome.devtools.json
[2026-07-08 15:28:24] INFO: Server started on port 3000
[2026-07-08 15:28:33] INFO: GET /films
[2026-07-08 15:28:33] INFO: GET /.well-known/appspecific/com.chrome.devtools.json
[2026-07-08 15:31:19] INFO: Server started on port 3000
[2026-07-08 15:31:22] INFO: Server started on port 3000
[2026-07-08 15:33:08] INFO: Server started on port 3000
[2026-07-08 15:33:18] INFO: Server started on port 3000
[2026-07-08 15:33:20] INFO: GET /films
[2026-07-08 15:33:20] INFO: GET /.well-known/appspecific/com.chrome.devtools.json
[2026-07-08 15:33:22] INFO: GET /
[2026-07-08 15:33:22] INFO: GET /.well-known/appspecific/com.chrome.devtools.json
[2026-07-08 15:33:33] INFO: Server started on port 3000
[2026-07-08 15:34:17] INFO: Server started on port 3000
[2026-07-08 15:34:43] INFO: Server started on port 3000
[2026-07-08 15:34:58] INFO: Server started on port 3000
[2026-07-08 15:35:14] INFO: Server started on port 3000
[2026-07-08 15:35:16] INFO: GET /
[2026-07-08 15:35:16] INFO: GET /.well-known/appspecific/com.chrome.devtools.json
[2026-07-08 15:35:18] INFO: GET /films
[2026-07-08 15:35:18] INFO: GET /.well-known/appspecific/com.chrome.devtools.json
[2026-07-08 15:35:29] INFO: Server started on port 3000
[2026-07-08 15:35:31] INFO: GET /films
[2026-07-08 15:35:31] INFO: GET /.well-known/appspecific/com.chrome.devtools.json
[2026-07-08 15:35:38] INFO: GET /
[2026-07-08 15:35:38] INFO: GET /.well-known/appspecific/com.chrome.devtools.json
[2026-07-08 15:36:19] INFO: GET /
[2026-07-08 15:36:19] INFO: GET /.well-known/appspecific/com.chrome.devtools.json
[2026-07-08 15:36:19] INFO: GET /films
[2026-07-08 15:36:19] INFO: GET /.well-known/appspecific/com.chrome.devtools.json
[2026-07-08 15:36:25] INFO: GET /films
[2026-07-08 15:36:25] INFO: GET /.well-known/appspecific/com.chrome.devtools.json
[2026-07-08 15:36:25] INFO: GET /.well-known/appspecific/com.chrome.devtools.json
[2026-07-08 15:36:25] INFO: GET /.well-known/appspecific/com.chrome.devtools.json
[2026-07-08 15:36:26] INFO: GET /films
[2026-07-08 15:36:26] INFO: GET /.well-known/appspecific/com.chrome.devtools.json
[2026-07-08 15:36:41] INFO: GET /films
[2026-07-08 15:36:41] INFO: GET /.well-known/appspecific/com.chrome.devtools.json
[2026-07-08 15:36:42] INFO: GET /films
[2026-07-08 15:36:42] INFO: GET /.well-known/appspecific/com.chrome.devtools.json
[2026-07-08 15:36:43] INFO: GET /films
[2026-07-08 15:36:43] INFO: GET /.well-known/appspecific/com.chrome.devtools.json
[2026-07-08 15:36:43] INFO: GET /films
[2026-07-08 15:36:43] INFO: GET /.well-known/appspecific/com.chrome.devtools.json
[2026-07-08 15:36:52] INFO: GET /films
[2026-07-08 15:36:52] INFO: GET /.well-known/appspecific/com.chrome.devtools.json
[2026-07-08 15:36:53] INFO: GET /
[2026-07-08 15:36:53] INFO: GET /.well-known/appspecific/com.chrome.devtools.json
[2026-07-08 15:36:59] INFO: GET /
[2026-07-08 15:36:59] INFO: GET /.well-known/appspecific/com.chrome.devtools.json
[2026-07-08 15:37:00] INFO: GET /films
[2026-07-08 15:37:00] INFO: GET /.well-known/appspecific/com.chrome.devtools.json
[2026-07-08 15:37:01] INFO: GET /
[2026-07-08 15:37:01] INFO: GET /.well-known/appspecific/com.chrome.devtools.json
[2026-07-08 15:37:02] INFO: GET /films
[2026-07-08 15:37:02] INFO: GET /.well-known/appspecific/com.chrome.devtools.json
[2026-07-08 15:37:02] INFO: GET /
[2026-07-08 15:37:02] INFO: GET /.well-known/appspecific/com.chrome.devtools.json
[2026-07-08 15:37:05] INFO: GET /films
[2026-07-08 15:37:05] INFO: GET /.well-known/appspecific/com.chrome.devtools.json
[2026-07-08 15:37:07] INFO: GET /
[2026-07-08 15:37:07] INFO: GET /.well-known/appspecific/com.chrome.devtools.json
[2026-07-08 15:37:07] INFO: GET /films
[2026-07-08 15:37:07] INFO: GET /.well-known/appspecific/com.chrome.devtools.json
[2026-07-08 15:37:08] INFO: GET /
[2026-07-08 15:37:08] INFO: GET /.well-known/appspecific/com.chrome.devtools.json
[2026-07-08 15:37:08] INFO: GET /films
[2026-07-08 15:37:08] INFO: GET /.well-known/appspecific/com.chrome.devtools.json
[2026-07-08 15:37:09] INFO: GET /
[2026-07-08 15:37:09] INFO: GET /.well-known/appspecific/com.chrome.devtools.json
[2026-07-08 15:37:09] INFO: GET /films
[2026-07-08 15:37:09] INFO: GET /.well-known/appspecific/com.chrome.devtools.json
[2026-07-08 15:37:09] INFO: GET /
[2026-07-08 15:37:09] INFO: GET /.well-known/appspecific/com.chrome.devtools.json
[2026-07-08 15:37:09] INFO: GET /films
[2026-07-08 15:37:09] INFO: GET /.well-known/appspecific/com.chrome.devtools.json
[2026-07-08 15:37:09] INFO: GET /
[2026-07-08 15:37:09] INFO: GET /.well-known/appspecific/com.chrome.devtools.json
[2026-07-08 15:37:10] INFO: GET /films
[2026-07-08 15:37:10] INFO: GET /.well-known/appspecific/com.chrome.devtools.json
[2026-07-08 15:37:10] INFO: GET /
[2026-07-08 15:37:10] INFO: GET /.well-known/appspecific/com.chrome.devtools.json
[2026-07-08 15:37:13] INFO: GET /
[2026-07-08 15:40:19] INFO: Server started on port 3000
[2026-07-08 15:40:45] INFO: Server started on port 3000
[2026-07-08 15:41:27] INFO: Server started on port 3000
[2026-07-08 15:41:31] INFO: GET /
[2026-07-08 15:41:32] INFO: GET /films
[2026-07-08 15:41:52] INFO: Server started on port 3000
[2026-07-08 15:41:54] INFO: GET /films
[2026-07-08 15:43:12] INFO: GET /films
[2026-07-08 15:43:13] INFO: GET /films
[2026-07-08 15:43:13] INFO: GET /films
[2026-07-08 15:44:00] INFO: GET /films
[2026-07-08 15:44:00] INFO: GET /films
[2026-07-08 15:44:00] INFO: GET /films
[2026-07-08 15:44:10] INFO: GET /films
[2026-07-08 15:45:07] INFO: GET /films
[2026-07-08 15:45:33] INFO: GET /films
[2026-07-08 15:45:34] INFO: GET /films
[2026-07-08 15:45:41] INFO: GET /films
[2026-07-08 15:45:45] INFO: GET /.well-known/appspecific/com.chrome.devtools.json
[2026-07-08 15:45:52] INFO: GET /films
[2026-07-08 15:46:05] INFO: GET /films
[2026-07-08 15:46:22] INFO: GET /films
[2026-07-08 15:46:48] INFO: Server started on port 3000
[2026-07-08 15:46:50] INFO: GET /films
[2026-07-08 15:47:04] INFO: GET /films
[2026-07-08 15:47:25] INFO: GET /films
[2026-07-08 15:47:44] INFO: GET /.well-known/appspecific/com.chrome.devtools.json
[2026-07-08 15:48:04] INFO: GET /films
[2026-07-08 15:48:10] INFO: GET /films
[2026-07-08 15:48:21] INFO: GET /films
[2026-07-08 15:48:35] INFO: GET /films
[2026-07-08 15:48:44] INFO: GET /films
[2026-07-08 15:48:48] INFO: GET /films
[2026-07-08 15:48:48] INFO: GET /
[2026-07-08 15:48:49] INFO: GET /
[2026-07-08 15:48:50] INFO: GET /
[2026-07-08 15:48:50] INFO: GET /films
[2026-07-08 15:48:51] INFO: GET /films
[2026-07-08 15:48:52] INFO: GET /films
[2026-07-08 15:48:53] INFO: GET /
[2026-07-08 15:48:54] INFO: GET /
[2026-07-08 15:48:54] INFO: GET /films
[2026-07-08 15:48:58] INFO: GET /
[2026-07-08 15:48:58] INFO: GET /films
[2026-07-08 15:48:59] INFO: GET /
[2026-07-08 15:49:00] INFO: GET /films
[2026-07-08 15:49:27] INFO: GET /films
[2026-07-08 15:49:52] INFO: GET /films
[2026-07-08 15:49:53] INFO: GET /films
[2026-07-08 15:50:09] INFO: Server started on port 3000
[2026-07-08 15:50:10] INFO: GET /films
[2026-07-08 15:51:27] INFO: Server started on port 3000
[2026-07-08 15:51:28] INFO: Server started on port 3000
[2026-07-08 15:53:30] INFO: GET /films
[2026-07-08 15:53:31] INFO: GET /
[2026-07-08 15:53:32] INFO: GET /films
[2026-07-08 15:53:33] INFO: GET /
[2026-07-08 15:53:34] INFO: GET /films
[2026-07-08 15:53:35] INFO: GET /
[2026-07-08 15:53:36] INFO: GET /films
[2026-07-08 15:55:57] INFO: Server started on port 3000
[2026-07-08 15:55:58] INFO: GET /films
[2026-07-08 15:56:11] INFO: Server started on port 3000
[2026-07-08 15:56:12] INFO: GET /films
[2026-07-08 15:56:13] INFO: GET /films/5
[2026-07-08 15:56:15] INFO: GET /films/5
[2026-07-08 15:56:18] INFO: GET /films
[2026-07-08 15:56:33] INFO: Server started on port 3000
[2026-07-08 15:56:34] INFO: GET /films
[2026-07-08 15:56:49] INFO: Server started on port 3000
[2026-07-08 15:57:01] INFO: Server started on port 3000
[2026-07-08 15:57:02] INFO: GET /films
[2026-07-08 15:57:03] INFO: GET /films/5
[2026-07-08 15:57:25] INFO: Server started on port 3000
[2026-07-08 15:57:28] INFO: GET /films/5
[2026-07-08 15:57:30] INFO: GET /films/5
[2026-07-08 15:57:31] INFO: GET /films/5
[2026-07-08 15:57:32] INFO: GET /films
[2026-07-08 15:57:32] INFO: GET /films/1
[2026-07-08 15:57:34] INFO: GET /films/10
[2026-07-08 15:58:08] INFO: Server started on port 3000
[2026-07-08 15:58:18] INFO: Server started on port 3000
[2026-07-08 15:58:26] INFO: Server started on port 3000
[2026-07-08 15:58:27] INFO: GET /films
[2026-07-08 15:58:28] INFO: GET /films/1
[2026-07-08 15:58:30] INFO: GET /films/1
[2026-07-08 15:58:31] INFO: GET /films/2
[2026-07-08 16:00:09] INFO: Server started on port 3000
[2026-07-08 16:00:28] INFO: Server started on port 3000
[2026-07-08 16:00:58] INFO: Server started on port 3000
[2026-07-08 16:01:04] INFO: GET /films
[2026-07-08 16:01:05] INFO: GET /films/1
[2026-07-08 16:01:10] INFO: GET /films/2
[2026-07-08 16:01:20] INFO: Server started on port 3000
[2026-07-08 16:01:22] INFO: GET /films
[2026-07-08 16:01:25] INFO: Server started on port 3000
[2026-07-08 16:02:22] INFO: Server started on port 3000
[2026-07-08 16:02:48] INFO: GET /films/1
[2026-07-08 16:02:50] INFO: GET /films/11
[2026-07-08 16:03:26] INFO: Server started on port 3000
[2026-07-08 16:03:27] INFO: GET /films/11
[2026-07-08 16:03:58] INFO: Server started on port 3000
[2026-07-08 16:05:49] INFO: Server started on port 3000
[2026-07-08 16:05:51] INFO: GET /films/1
[2026-07-08 16:09:21] INFO: Server started on port 3000
[2026-07-08 16:09:21] INFO: Server started on port 3000
[2026-07-08 16:09:25] INFO: GET /
[2026-07-08 16:09:27] INFO: GET /
[2026-07-08 16:09:28] INFO: GET /films
[2026-07-08 16:09:29] INFO: GET /films/1
[2026-07-08 16:12:43] INFO: Server started on port 3000
[2026-07-08 16:13:01] INFO: Server started on port 3000
[2026-07-08 16:13:13] INFO: GET /films/1
[2026-07-08 16:14:29] INFO: Server started on port 3000
[2026-07-08 16:14:32] INFO: GET /films
[2026-07-08 16:14:34] INFO: GET /films/1
[2026-07-08 16:16:58] INFO: Server started on port 3000
[2026-07-08 16:17:01] INFO: GET /films/4
[2026-07-08 16:17:01] INFO: GET /.well-known/appspecific/com.chrome.devtools.json
[2026-07-08 16:17:21] INFO: Server started on port 3000
[2026-07-08 16:17:22] INFO: GET /films/4
[2026-07-08 16:17:26] INFO: GET /films/1
[2026-07-08 16:17:28] INFO: GET /films/5
[2026-07-08 16:17:39] INFO: Server started on port 3000
[2026-07-08 16:18:21] INFO: Server started on port 3000
[2026-07-08 16:18:23] INFO: GET /films
[2026-07-08 16:18:24] INFO: GET /films/1
[2026-07-08 16:18:25] INFO: GET /films/11
[2026-07-08 16:18:29] INFO: GET /
[2026-07-08 16:18:30] INFO: GET /films
[2026-07-08 16:18:32] INFO: GET /films/6
[2026-07-08 19:35:54] INFO: GET /films
[2026-07-08 19:35:55] INFO: GET /
[2026-07-08 19:35:56] INFO: GET /films
[2026-07-08 19:36:01] INFO: GET /films
[2026-07-08 19:36:02] INFO: GET /
[2026-07-08 19:36:05] INFO: GET /films
[2026-07-08 19:36:06] INFO: GET /
[2026-07-08 19:36:07] INFO: GET /films
[2026-07-08 19:36:08] INFO: GET /films/1
[2026-07-08 19:36:31] INFO: Server started on port 3000
[2026-07-08 19:36:31] INFO: Server started on port 3000
[2026-07-08 19:38:25] INFO: Server started on port 3000
[2026-07-08 19:38:30] INFO: Server started on port 3000
[2026-07-08 19:38:32] INFO: GET /films/1
[2026-07-08 19:38:52] INFO: Server started on port 3000
[2026-07-08 19:38:53] INFO: GET /films/1
[2026-07-08 19:41:30] INFO: Server started on port 3000
[2026-07-08 19:41:43] INFO: Server started on port 3000
[2026-07-08 19:41:44] INFO: Server started on port 3000
[2026-07-08 19:41:45] INFO: Server started on port 3000
[2026-07-08 19:41:54] INFO: GET /films
[2026-07-08 19:41:55] INFO: GET /
[2026-07-08 19:41:57] INFO: GET /
[2026-07-08 19:41:58] INFO: GET /films
[2026-07-08 19:41:59] INFO: GET /
[2026-07-08 19:42:00] INFO: GET /films
[2026-07-08 19:42:19] INFO: GET /films
[2026-07-08 19:42:20] INFO: GET /
[2026-07-08 19:42:21] INFO: GET /films
[2026-07-08 19:42:22] INFO: GET /
[2026-07-08 19:42:22] INFO: GET /films
[2026-07-08 19:42:22] INFO: GET /
[2026-07-08 19:42:23] INFO: GET /films
[2026-07-08 19:42:23] INFO: GET /
[2026-07-08 19:42:23] INFO: GET /films
[2026-07-08 19:42:23] INFO: GET /
[2026-07-08 19:42:24] INFO: GET /films
[2026-07-08 19:42:24] INFO: GET /
[2026-07-08 19:42:42] INFO: GET /
[2026-07-08 19:42:43] INFO: GET /
[2026-07-08 19:42:44] INFO: GET /films
[2026-07-08 19:42:45] INFO: GET /
[2026-07-08 19:43:13] INFO: GET /
[2026-07-08 19:43:27] INFO: GET /
[2026-07-08 19:43:36] INFO: GET /.well-known/appspecific/com.chrome.devtools.json
[2026-07-08 19:43:57] INFO: GET /
[2026-07-08 19:43:58] INFO: GET /.well-known/appspecific/com.chrome.devtools.json
[2026-07-08 19:44:08] INFO: GET /
[2026-07-08 19:44:08] INFO: GET /.well-known/appspecific/com.chrome.devtools.json
[2026-07-08 19:44:28] INFO: GET /
[2026-07-08 19:44:29] INFO: GET /films
[2026-07-08 19:44:29] INFO: GET /
[2026-07-08 19:44:29] INFO: GET /films
[2026-07-08 19:44:30] INFO: GET /
[2026-07-08 19:44:30] INFO: GET /films
[2026-07-08 19:44:31] INFO: GET /
[2026-07-08 19:44:32] INFO: GET /films
[2026-07-08 19:44:43] INFO: GET /
[2026-07-08 19:44:43] INFO: GET /films
[2026-07-08 19:45:20] INFO: GET /films/1
[2026-07-08 19:46:01] INFO: GET /films/1
[2026-07-08 19:46:03] INFO: GET /.well-known/appspecific/com.chrome.devtools.json
[2026-07-08 19:46:09] INFO: GET /films/1
[2026-07-08 19:46:23] INFO: GET /films/1
[2026-07-08 19:47:04] INFO: GET /films/1
[2026-07-08 19:47:05] INFO: GET /
[2026-07-08 19:47:06] INFO: GET /films
[2026-07-08 19:47:07] INFO: GET /films/1
[2026-07-08 19:47:09] INFO: GET /
[2026-07-08 19:47:10] INFO: GET /films
[2026-07-08 19:47:11] INFO: GET /
[2026-07-08 19:47:12] INFO: GET /films
[2026-07-08 19:47:13] INFO: GET /films/1
[2026-07-08 19:47:15] INFO: GET /films/films
[2026-07-08 19:47:17] INFO: GET /films/films
[2026-07-08 19:47:22] INFO: GET /
[2026-07-08 19:47:23] INFO: GET /films
[2026-07-08 19:47:23] INFO: GET /
[2026-07-08 19:47:24] INFO: GET /films
[2026-07-08 19:47:24] INFO: GET /films
[2026-07-08 19:47:25] INFO: GET /films
[2026-07-08 19:47:25] INFO: GET /films
[2026-07-08 19:47:25] INFO: GET /films
[2026-07-08 19:47:25] INFO: GET /films
[2026-07-08 19:47:26] INFO: GET /
[2026-07-08 19:47:26] INFO: GET /
[2026-07-08 19:47:27] INFO: GET /
[2026-07-08 19:47:27] INFO: GET /films
[2026-07-08 19:47:27] INFO: GET /films
[2026-07-08 19:47:28] INFO: GET /films/1
[2026-07-08 19:47:32] INFO: GET /films/films
[2026-07-08 19:47:37] INFO: GET /films/films
[2026-07-08 19:49:08] INFO: GET /films/films
[2026-07-08 19:50:44] INFO: GET /
[2026-07-08 19:50:46] INFO: GET /films
[2026-07-08 19:50:47] INFO: GET /
[2026-07-08 19:51:49] INFO: GET /films
[2026-07-08 19:51:50] INFO: GET /films/1
[2026-07-08 19:52:31] INFO: GET /films/1
[2026-07-08 19:52:33] INFO: GET /films
[2026-07-08 19:52:34] INFO: GET /
[2026-07-08 19:52:35] INFO: GET /films
[2026-07-08 19:52:35] INFO: GET /
[2026-07-08 19:52:46] INFO: GET /
[2026-07-08 19:52:47] INFO: GET /films
[2026-07-08 19:52:48] INFO: GET /films/1
[2026-07-08 19:52:49] INFO: GET /films
[2026-07-08 19:52:50] INFO: GET /
[2026-07-08 19:52:53] INFO: GET /
[2026-07-08 19:52:53] INFO: GET /films
[2026-07-08 19:52:55] INFO: GET /films/1
[2026-07-08 19:52:59] INFO: GET /films
[2026-07-08 19:53:01] INFO: GET /films/10
[2026-07-08 19:53:02] INFO: GET /
[2026-07-08 19:53:03] INFO: GET /films
[2026-07-08 19:53:04] INFO: GET /films
[2026-07-08 19:53:19] INFO: GET /films
[2026-07-08 19:53:20] INFO: GET /
[2026-07-08 19:53:20] INFO: GET /films
[2026-07-08 19:53:21] INFO: GET /
[2026-07-08 19:53:21] INFO: GET /films
[2026-07-08 19:53:22] INFO: GET /
[2026-07-08 19:53:23] INFO: GET /
[2026-07-08 19:54:26] INFO: GET /
[2026-07-08 19:54:27] INFO: GET /films
[2026-07-08 19:54:42] INFO: GET /
[2026-07-08 19:54:46] INFO: GET /films
[2026-07-08 19:55:01] INFO: GET /films
[2026-07-08 19:55:09] INFO: GET /
[2026-07-08 19:55:09] INFO: GET /films
[2026-07-08 19:55:10] INFO: GET /films
[2026-07-08 19:55:27] INFO: GET /films
[2026-07-08 19:55:28] INFO: GET /
[2026-07-08 19:55:29] INFO: GET /films
[2026-07-08 19:55:34] INFO: GET /films
[2026-07-08 19:55:34] INFO: GET /
[2026-07-08 19:55:35] INFO: GET /films
[2026-07-08 19:55:36] INFO: GET /films/1
[2026-07-08 19:55:37] INFO: GET /
[2026-07-08 19:55:38] INFO: GET /films
[2026-07-08 19:55:53] INFO: GET /films/1
[2026-07-08 19:55:54] INFO: GET /
[2026-07-08 19:55:54] INFO: GET /films
[2026-07-08 19:56:19] INFO: GET /
[2026-07-08 19:56:26] INFO: GET /
[2026-07-08 19:56:35] INFO: GET /
[2026-07-08 19:56:47] INFO: GET /
[2026-07-08 19:56:59] INFO: GET /
[2026-07-08 19:57:07] INFO: GET /
[2026-07-08 19:57:18] INFO: GET /
[2026-07-08 19:57:26] INFO: GET /
[2026-07-08 19:57:34] INFO: GET /
[2026-07-08 19:57:40] INFO: GET /
[2026-07-08 19:58:08] INFO: GET /
[2026-07-08 19:58:16] INFO: GET /
[2026-07-08 19:58:17] INFO: GET /
[2026-07-08 19:58:24] INFO: GET /
[2026-07-08 19:58:30] INFO: GET /
[2026-07-08 19:58:30] INFO: GET /
[2026-07-08 19:58:37] INFO: GET /
[2026-07-08 19:58:38] INFO: GET /
[2026-07-08 19:58:44] INFO: GET /
[2026-07-08 19:58:45] INFO: GET /.well-known/appspecific/com.chrome.devtools.json
[2026-07-08 19:59:00] INFO: GET /
[2026-07-08 19:59:00] INFO: GET /.well-known/appspecific/com.chrome.devtools.json
[2026-07-08 19:59:28] INFO: GET /
[2026-07-08 19:59:28] INFO: GET /.well-known/appspecific/com.chrome.devtools.json
[2026-07-08 19:59:46] INFO: GET /
[2026-07-08 19:59:46] INFO: GET /.well-known/appspecific/com.chrome.devtools.json
[2026-07-08 19:59:52] INFO: GET /
[2026-07-08 19:59:52] INFO: GET /.well-known/appspecific/com.chrome.devtools.json
[2026-07-08 19:59:56] INFO: GET /
[2026-07-08 19:59:56] INFO: GET /.well-known/appspecific/com.chrome.devtools.json
[2026-07-08 20:00:03] INFO: GET /
[2026-07-08 20:00:03] INFO: GET /.well-known/appspecific/com.chrome.devtools.json
[2026-07-08 20:00:12] INFO: GET /
[2026-07-08 20:00:12] INFO: GET /.well-known/appspecific/com.chrome.devtools.json
[2026-07-08 20:00:22] INFO: GET /.well-known/appspecific/com.chrome.devtools.json
[2026-07-08 20:00:31] INFO: GET /
[2026-07-08 20:00:31] INFO: GET /.well-known/appspecific/com.chrome.devtools.json
[2026-07-08 20:00:40] INFO: GET /
[2026-07-08 20:00:40] INFO: GET /.well-known/appspecific/com.chrome.devtools.json
[2026-07-08 20:00:42] INFO: GET /
[2026-07-08 20:00:42] INFO: GET /.well-known/appspecific/com.chrome.devtools.json
[2026-07-08 20:01:01] INFO: GET /
[2026-07-08 20:01:02] INFO: GET /
[2026-07-08 20:01:03] INFO: GET /films
[2026-07-08 20:01:04] INFO: GET /films/1
[2026-07-08 20:01:05] INFO: GET /
[2026-07-08 20:01:06] INFO: GET /films
[2026-07-08 20:01:07] INFO: GET /
[2026-07-08 20:01:07] INFO: GET /films
[2026-07-08 20:01:08] INFO: GET /films/1
[2026-07-08 20:01:09] INFO: GET /
[2026-07-08 20:26:50] INFO: GET /
[2026-07-08 20:26:52] INFO: GET /
[2026-07-08 20:26:53] INFO: GET /films
[2026-07-08 20:27:28] INFO: GET /films
[2026-07-08 20:27:33] INFO: GET /films/1
[2026-07-08 20:27:36] INFO: GET /films
[2026-07-08 20:27:51] INFO: GET /films
[2026-07-08 20:27:52] INFO: GET /films
[2026-07-08 20:27:53] INFO: GET /films
[2026-07-08 20:27:54] INFO: GET /films
[2026-07-08 20:27:55] INFO: GET /
[2026-07-08 20:27:55] INFO: GET /films
[2026-07-08 20:27:56] INFO: GET /films
[2026-07-08 20:28:15] INFO: GET /films
[2026-07-08 20:28:19] INFO: GET /films
[2026-07-08 20:28:22] INFO: GET /films
[2026-07-08 20:28:23] INFO: GET /
[2026-07-08 20:28:23] INFO: GET /films
[2026-07-08 20:29:17] INFO: GET /films
[2026-07-08 20:29:17] INFO: GET /
[2026-07-08 20:29:18] INFO: GET /films
[2026-07-08 20:29:20] INFO: GET /films/1
[2026-07-08 20:29:21] INFO: GET /
[2026-07-08 20:29:22] INFO: GET /films
[2026-07-08 20:29:45] INFO: Server started on port 3000
[2026-07-08 20:29:46] INFO: GET /films
[2026-07-08 20:29:47] INFO: GET /films/1
[2026-07-08 20:30:13] INFO: Server started on port 3000
[2026-07-08 20:30:15] INFO: GET /films/1
[2026-07-08 20:30:16] INFO: GET /
[2026-07-08 20:30:17] INFO: GET /films
[2026-07-08 20:30:19] INFO: GET /films/1
[2026-07-08 20:30:20] INFO: GET /
[2026-07-08 20:30:21] INFO: GET /films
[2026-07-08 20:30:23] INFO: GET /
[2026-07-08 20:30:23] INFO: GET /films
[2026-07-08 20:30:25] INFO: GET /films/1
[2026-07-08 20:30:26] INFO: GET /
[2026-07-08 20:30:27] INFO: GET /films
[2026-07-08 20:30:48] INFO: GET /films
[2026-07-08 20:32:00] INFO: GET /films
[2026-07-08 20:32:01] INFO: GET /
[2026-07-08 20:32:01] INFO: GET /films
[2026-07-08 20:32:03] INFO: GET /films/1
[2026-07-08 20:32:11] INFO: GET /films
[2026-07-08 20:32:14] INFO: GET /
[2026-07-08 20:32:17] INFO: GET /films
[2026-07-08 20:32:19] INFO: GET /films/7
[2026-07-08 20:36:27] INFO: Server started on port 3000
[2026-07-08 20:36:33] INFO: GET /films/7
[2026-07-08 20:36:33] EVENT: filmViewed - Film: The Shawshank Redemption
[2026-07-08 20:36:35] INFO: GET /
[2026-07-08 20:36:36] INFO: GET /films
[2026-07-08 20:36:38] INFO: GET /films/1
[2026-07-08 20:36:38] EVENT: filmViewed - Film: The Shawshank Redemption
[2026-07-08 20:36:38] EVENT: filmViewed - Film: Inception
[2026-07-08 20:36:54] INFO: Server started on port 3000
[2026-07-08 20:36:54] INFO: Server started on port 3000
[2026-07-08 20:37:00] INFO: Server started on port 3000
[2026-07-08 20:37:02] INFO: GET /films/1
[2026-07-08 20:37:13] INFO: Server started on port 3000
[2026-07-08 20:37:13] INFO: GET /
[2026-07-08 20:37:15] INFO: GET /
[2026-07-08 20:37:15] INFO: GET /films
[2026-07-08 20:37:16] INFO: GET /films/1
[2026-07-08 20:37:38] INFO: Server started on port 3000
[2026-07-08 20:37:40] INFO: GET /films
[2026-07-08 20:37:41] INFO: GET /films/1
[2026-07-08 20:37:49] INFO: Server started on port 3000
[2026-07-08 20:37:52] INFO: GET /films/1
[2026-07-08 20:38:02] INFO: Server started on port 3000
[2026-07-08 20:38:05] INFO: GET /films/1
[2026-07-08 20:38:05] EVENT: filmViewed - Film: Inception
[2026-07-08 20:38:09] INFO: GET /films
[2026-07-08 20:38:10] INFO: GET /
[2026-07-08 20:38:11] INFO: GET /films
[2026-07-08 20:38:13] INFO: GET /films
[2026-07-08 20:38:14] INFO: GET /
[2026-07-08 20:38:15] INFO: GET /films
[2026-07-08 20:38:15] INFO: GET /
[2026-07-08 20:38:16] INFO: GET /films
[2026-07-08 20:38:29] INFO: Server started on port 3000
[2026-07-08 20:38:49] INFO: Server started on port 3000
[2026-07-08 20:38:59] INFO: Server started on port 3000
[2026-07-08 20:39:15] INFO: GET /films
[2026-07-08 20:39:16] INFO: GET /films
[2026-07-08 20:39:16] INFO: GET /
[2026-07-08 20:39:17] INFO: GET /films
[2026-07-08 20:39:18] INFO: GET /films/1
[2026-07-08 20:39:18] EVENT: filmViewed - Film: Inception
[2026-07-08 20:39:19] INFO: GET /films
[2026-07-08 20:39:21] INFO: GET /films/1
[2026-07-08 20:39:21] EVENT: filmViewed - Film: Inception
[2026-07-08 20:39:21] EVENT: filmViewed - Film: Inception
[2026-07-08 20:39:21] INFO: GET /
[2026-07-08 20:39:22] INFO: GET /films
[2026-07-08 20:39:23] INFO: GET /films/1
[2026-07-08 20:39:23] EVENT: filmViewed - Film: Inception
[2026-07-08 20:39:23] EVENT: filmViewed - Film: Inception
[2026-07-08 20:39:23] EVENT: filmViewed - Film: Inception
[2026-07-08 20:43:26] INFO: Server started on port 3000
[2026-07-08 20:43:30] INFO: GET /films/6
[2026-07-08 20:43:30] EVENT: filmViewed - Film: Pulp Fiction
[2026-07-08 20:46:46] INFO: Server started on port 3000
[2026-07-08 20:46:49] INFO: GET /films/6
[2026-07-08 20:46:49] EVENT: filmViewed - Film: Pulp Fiction
[2026-07-08 20:46:50] INFO: GET /films
[2026-07-08 20:46:51] INFO: GET /films/6
[2026-07-08 20:46:51] EVENT: filmViewed - Film: Pulp Fiction
[2026-07-08 20:46:51] EVENT: filmViewed - Film: Pulp Fiction
[2026-07-08 20:46:59] INFO: GET /films
[2026-07-08 20:47:00] INFO: GET /films/4
[2026-07-08 20:47:00] EVENT: filmViewed - Film: The Godfather
[2026-07-08 20:47:00] EVENT: filmViewed - Film: The Godfather
[2026-07-08 20:47:00] EVENT: filmViewed - Film: The Godfather
[2026-07-08 20:47:07] INFO: GET /films/4
[2026-07-08 20:47:07] EVENT: filmViewed - Film: The Godfather
[2026-07-08 20:47:07] EVENT: filmViewed - Film: The Godfather
[2026-07-08 20:47:07] EVENT: filmViewed - Film: The Godfather
[2026-07-08 20:47:07] EVENT: filmViewed - Film: The Godfather
[2026-07-08 20:47:11] INFO: GET /films
[2026-07-08 20:47:15] INFO: GET /films/9
[2026-07-08 20:47:15] EVENT: filmViewed - Film: The Dark Knight
[2026-07-08 20:47:15] EVENT: filmViewed - Film: The Dark Knight
[2026-07-08 20:47:15] EVENT: filmViewed - Film: The Dark Knight
[2026-07-08 20:47:15] EVENT: filmViewed - Film: The Dark Knight
[2026-07-08 20:47:15] EVENT: filmViewed - Film: The Dark Knight
[2026-07-08 20:47:24] INFO: GET /films
[2026-07-08 20:47:26] INFO: GET /films/1
[2026-07-08 20:47:26] EVENT: filmViewed - Film: Inception
[2026-07-08 20:47:26] EVENT: filmViewed - Film: Inception
[2026-07-08 20:47:26] EVENT: filmViewed - Film: Inception
[2026-07-08 20:47:26] EVENT: filmViewed - Film: Inception
[2026-07-08 20:47:26] EVENT: filmViewed - Film: Inception
[2026-07-08 20:47:26] EVENT: filmViewed - Film: Inception
[2026-07-08 20:47:29] INFO: GET /films
[2026-07-08 20:47:31] INFO: GET /films/10
[2026-07-08 20:47:32] EVENT: filmViewed - Film: Forrest Gump
[2026-07-08 20:47:31] EVENT: filmViewed - Film: Forrest Gump
[2026-07-08 20:47:32] EVENT: filmViewed - Film: Forrest Gump
[2026-07-08 20:47:32] EVENT: filmViewed - Film: Forrest Gump
[2026-07-08 20:47:32] EVENT: filmViewed - Film: Forrest Gump
[2026-07-08 20:47:32] EVENT: filmViewed - Film: Forrest Gump
[2026-07-08 20:47:32] EVENT: filmViewed - Film: Forrest Gump
[2026-07-08 20:47:40] INFO: GET /films
[2026-07-08 20:47:41] INFO: GET /films/7
[2026-07-08 20:47:41] EVENT: filmViewed - Film: The Shawshank Redemption
[2026-07-08 20:47:41] EVENT: filmViewed - Film: The Shawshank Redemption
[2026-07-08 20:47:41] EVENT: filmViewed - Film: The Shawshank Redemption
[2026-07-08 20:47:41] EVENT: filmViewed - Film: The Shawshank Redemption
[2026-07-08 20:47:41] EVENT: filmViewed - Film: The Shawshank Redemption
[2026-07-08 20:47:41] EVENT: filmViewed - Film: The Shawshank Redemption
[2026-07-08 20:47:41] EVENT: filmViewed - Film: The Shawshank Redemption
[2026-07-08 20:47:41] EVENT: filmViewed - Film: The Shawshank Redemption
[2026-07-08 20:47:47] INFO: GET /films/7
[2026-07-08 20:47:47] EVENT: filmViewed - Film: The Shawshank Redemption
[2026-07-08 20:47:47] EVENT: filmViewed - Film: The Shawshank Redemption
[2026-07-08 20:47:47] EVENT: filmViewed - Film: The Shawshank Redemption
[2026-07-08 20:47:47] EVENT: filmViewed - Film: The Shawshank Redemption
[2026-07-08 20:47:47] EVENT: filmViewed - Film: The Shawshank Redemption
[2026-07-08 20:47:47] EVENT: filmViewed - Film: The Shawshank Redemption
[2026-07-08 20:47:47] EVENT: filmViewed - Film: The Shawshank Redemption
[2026-07-08 20:47:47] EVENT: filmViewed - Film: The Shawshank Redemption
[2026-07-08 20:47:47] EVENT: filmViewed - Film: The Shawshank Redemption
[2026-07-08 20:47:51] INFO: GET /films/7
[2026-07-08 20:47:51] EVENT: filmViewed - Film: The Shawshank Redemption
[2026-07-08 20:47:51] EVENT: filmViewed - Film: The Shawshank Redemption
[2026-07-08 20:47:51] EVENT: filmViewed - Film: The Shawshank Redemption
[2026-07-08 20:47:51] EVENT: filmViewed - Film: The Shawshank Redemption
[2026-07-08 20:47:51] EVENT: filmViewed - Film: The Shawshank Redemption
[2026-07-08 20:47:51] EVENT: filmViewed - Film: The Shawshank Redemption
[2026-07-08 20:47:51] EVENT: filmViewed - Film: The Shawshank Redemption
[2026-07-08 20:47:51] EVENT: filmViewed - Film: The Shawshank Redemption
[2026-07-08 20:47:51] EVENT: filmViewed - Film: The Shawshank Redemption
[2026-07-08 20:47:51] EVENT: filmViewed - Film: The Shawshank Redemption
[2026-07-08 20:47:52] INFO: GET /films/7
[2026-07-08 20:47:52] EVENT: filmViewed - Film: The Shawshank Redemption
[2026-07-08 20:47:52] EVENT: filmViewed - Film: The Shawshank Redemption
[2026-07-08 20:47:52] EVENT: filmViewed - Film: The Shawshank Redemption
[2026-07-08 20:47:52] EVENT: filmViewed - Film: The Shawshank Redemption
[2026-07-08 20:47:52] EVENT: filmViewed - Film: The Shawshank Redemption
[2026-07-08 20:47:52] EVENT: filmViewed - Film: The Shawshank Redemption
[2026-07-08 20:47:52] EVENT: filmViewed - Film: The Shawshank Redemption
[2026-07-08 20:47:52] EVENT: filmViewed - Film: The Shawshank Redemption
[2026-07-08 20:47:52] EVENT: filmViewed - Film: The Shawshank Redemption
[2026-07-08 20:47:52] EVENT: filmViewed - Film: The Shawshank Redemption
[2026-07-08 20:47:52] EVENT: filmViewed - Film: The Shawshank Redemption
[2026-07-08 20:47:52] INFO: GET /films/7
[2026-07-08 20:47:52] EVENT: filmViewed - Film: The Shawshank Redemption
[2026-07-08 20:47:52] EVENT: filmViewed - Film: The Shawshank Redemption
[2026-07-08 20:47:52] EVENT: filmViewed - Film: The Shawshank Redemption
[2026-07-08 20:47:52] EVENT: filmViewed - Film: The Shawshank Redemption
[2026-07-08 20:47:52] EVENT: filmViewed - Film: The Shawshank Redemption
[2026-07-08 20:47:52] EVENT: filmViewed - Film: The Shawshank Redemption
[2026-07-08 20:47:52] EVENT: filmViewed - Film: The Shawshank Redemption
[2026-07-08 20:47:52] EVENT: filmViewed - Film: The Shawshank Redemption
[2026-07-08 20:47:52] EVENT: filmViewed - Film: The Shawshank Redemption
[2026-07-08 20:47:52] EVENT: filmViewed - Film: The Shawshank Redemption
[2026-07-08 20:47:52] EVENT: filmViewed - Film: The Shawshank Redemption
[2026-07-08 20:47:52] EVENT: filmViewed - Film: The Shawshank Redemption
[2026-07-08 20:47:52] INFO: GET /films/7
[2026-07-08 20:47:52] EVENT: filmViewed - Film: The Shawshank Redemption
[2026-07-08 20:47:52] EVENT: filmViewed - Film: The Shawshank Redemption
[2026-07-08 20:47:52] EVENT: filmViewed - Film: The Shawshank Redemption
[2026-07-08 20:47:52] EVENT: filmViewed - Film: The Shawshank Redemption
[2026-07-08 20:47:52] EVENT: filmViewed - Film: The Shawshank Redemption
[2026-07-08 20:47:52] EVENT: filmViewed - Film: The Shawshank Redemption
[2026-07-08 20:47:52] EVENT: filmViewed - Film: The Shawshank Redemption
[2026-07-08 20:47:52] EVENT: filmViewed - Film: The Shawshank Redemption
[2026-07-08 20:47:52] EVENT: filmViewed - Film: The Shawshank Redemption
[2026-07-08 20:47:52] EVENT: filmViewed - Film: The Shawshank Redemption
[2026-07-08 20:47:52] EVENT: filmViewed - Film: The Shawshank Redemption
[2026-07-08 20:47:52] EVENT: filmViewed - Film: The Shawshank Redemption
[2026-07-08 20:47:52] EVENT: filmViewed - Film: The Shawshank Redemption
[2026-07-08 20:47:52] INFO: GET /films/7
[2026-07-08 20:47:52] EVENT: filmViewed - Film: The Shawshank Redemption
[2026-07-08 20:47:52] EVENT: filmViewed - Film: The Shawshank Redemption
[2026-07-08 20:47:52] EVENT: filmViewed - Film: The Shawshank Redemption
[2026-07-08 20:47:52] EVENT: filmViewed - Film: The Shawshank Redemption
[2026-07-08 20:47:52] EVENT: filmViewed - Film: The Shawshank Redemption
[2026-07-08 20:47:52] EVENT: filmViewed - Film: The Shawshank Redemption
[2026-07-08 20:47:52] EVENT: filmViewed - Film: The Shawshank Redemption
[2026-07-08 20:47:52] EVENT: filmViewed - Film: The Shawshank Redemption
[2026-07-08 20:47:52] EVENT: filmViewed - Film: The Shawshank Redemption
[2026-07-08 20:47:52] EVENT: filmViewed - Film: The Shawshank Redemption
[2026-07-08 20:47:52] EVENT: filmViewed - Film: The Shawshank Redemption
[2026-07-08 20:47:52] EVENT: filmViewed - Film: The Shawshank Redemption
[2026-07-08 20:47:52] EVENT: filmViewed - Film: The Shawshank Redemption
[2026-07-08 20:47:52] EVENT: filmViewed - Film: The Shawshank Redemption
[2026-07-08 20:47:52] INFO: GET /films/7
[2026-07-08 20:47:52] EVENT: filmViewed - Film: The Shawshank Redemption
[2026-07-08 20:47:52] EVENT: filmViewed - Film: The Shawshank Redemption
[2026-07-08 20:47:52] EVENT: filmViewed - Film: The Shawshank Redemption
[2026-07-08 20:47:52] EVENT: filmViewed - Film: The Shawshank Redemption
[2026-07-08 20:47:52] EVENT: filmViewed - Film: The Shawshank Redemption
[2026-07-08 20:47:52] EVENT: filmViewed - Film: The Shawshank Redemption
[2026-07-08 20:47:52] EVENT: filmViewed - Film: The Shawshank Redemption
[2026-07-08 20:47:52] EVENT: filmViewed - Film: The Shawshank Redemption
[2026-07-08 20:47:52] EVENT: filmViewed - Film: The Shawshank Redemption
[2026-07-08 20:47:52] EVENT: filmViewed - Film: The Shawshank Redemption
[2026-07-08 20:47:52] EVENT: filmViewed - Film: The Shawshank Redemption
[2026-07-08 20:47:52] EVENT: filmViewed - Film: The Shawshank Redemption
[2026-07-08 20:47:52] EVENT: filmViewed - Film: The Shawshank Redemption
[2026-07-08 20:47:52] EVENT: filmViewed - Film: The Shawshank Redemption
[2026-07-08 20:47:52] EVENT: filmViewed - Film: The Shawshank Redemption
[2026-07-08 20:48:17] INFO: Server started on port 3000
[2026-07-08 20:48:19] INFO: GET /films/7
[2026-07-08 20:48:19] EVENT: filmViewed - Film: The Shawshank Redemption
[2026-07-08 20:48:25] INFO: GET /films
[2026-07-08 20:48:26] INFO: GET /films/2
[2026-07-08 20:48:26] EVENT: filmViewed - Film: The Matrix
[2026-07-08 20:48:26] EVENT: filmViewed - Film: The Matrix
[2026-07-08 20:48:29] INFO: GET /films
[2026-07-08 20:48:30] INFO: GET /films/1
[2026-07-08 20:48:30] EVENT: filmViewed - Film: Inception
[2026-07-08 20:48:30] EVENT: filmViewed - Film: Inception
[2026-07-08 20:48:30] EVENT: filmViewed - Film: Inception
[2026-07-08 20:49:21] INFO: Server started on port 3000
[2026-07-08 20:49:33] INFO: GET /films/1
[2026-07-08 20:49:33] EVENT: filmViewed - Film: Inception
[2026-07-08 20:49:39] INFO: GET /films/1
[2026-07-08 20:49:39] EVENT: filmViewed - Film: Inception
[2026-07-08 20:49:39] EVENT: filmViewed - Film: Inception
[2026-07-08 20:49:39] INFO: GET /films/1
[2026-07-08 20:49:39] EVENT: filmViewed - Film: Inception
[2026-07-08 20:49:39] EVENT: filmViewed - Film: Inception
[2026-07-08 20:49:39] EVENT: filmViewed - Film: Inception
[2026-07-08 20:49:40] INFO: GET /films/1
[2026-07-08 20:49:40] EVENT: filmViewed - Film: Inception
[2026-07-08 20:49:40] EVENT: filmViewed - Film: Inception
[2026-07-08 20:49:40] EVENT: filmViewed - Film: Inception
[2026-07-08 20:49:40] EVENT: filmViewed - Film: Inception
[2026-07-08 20:49:40] INFO: GET /films/1
[2026-07-08 20:49:40] EVENT: filmViewed - Film: Inception
[2026-07-08 20:49:40] EVENT: filmViewed - Film: Inception
[2026-07-08 20:49:40] EVENT: filmViewed - Film: Inception
[2026-07-08 20:49:40] EVENT: filmViewed - Film: Inception
[2026-07-08 20:49:40] EVENT: filmViewed - Film: Inception
[2026-07-08 20:49:40] INFO: GET /films/1
[2026-07-08 20:49:40] EVENT: filmViewed - Film: Inception
[2026-07-08 20:49:40] EVENT: filmViewed - Film: Inception
[2026-07-08 20:49:40] EVENT: filmViewed - Film: Inception
[2026-07-08 20:49:40] EVENT: filmViewed - Film: Inception
[2026-07-08 20:49:40] EVENT: filmViewed - Film: Inception
[2026-07-08 20:49:40] EVENT: filmViewed - Film: Inception
[2026-07-08 20:49:43] INFO: GET /films
[2026-07-08 20:49:44] INFO: GET /films/2
[2026-07-08 20:49:44] EVENT: filmViewed - Film: The Matrix
[2026-07-08 20:49:44] EVENT: filmViewed - Film: The Matrix
[2026-07-08 20:49:44] EVENT: filmViewed - Film: The Matrix
[2026-07-08 20:49:44] EVENT: filmViewed - Film: The Matrix
[2026-07-08 20:49:44] EVENT: filmViewed - Film: The Matrix
[2026-07-08 20:49:44] EVENT: filmViewed - Film: The Matrix
[2026-07-08 20:49:44] EVENT: filmViewed - Film: The Matrix
[2026-07-08 20:49:44] EVENT: filmViewed - Film: The Matrix
[2026-07-08 20:49:49] INFO: GET /films
[2026-07-08 20:49:50] INFO: GET /films/10
[2026-07-08 20:49:50] EVENT: filmViewed - Film: Forrest Gump
[2026-07-08 20:49:50] EVENT: filmViewed - Film: Forrest Gump
[2026-07-08 20:49:50] EVENT: filmViewed - Film: Forrest Gump
[2026-07-08 20:49:50] EVENT: filmViewed - Film: Forrest Gump
[2026-07-08 20:49:50] EVENT: filmViewed - Film: Forrest Gump
[2026-07-08 20:49:50] EVENT: filmViewed - Film: Forrest Gump
[2026-07-08 20:49:50] EVENT: filmViewed - Film: Forrest Gump
[2026-07-08 20:49:50] EVENT: filmViewed - Film: Forrest Gump
[2026-07-08 20:49:50] EVENT: filmViewed - Film: Forrest Gump
[2026-07-08 20:49:50] EVENT: filmViewed - Film: Forrest Gump
[2026-07-08 20:50:34] INFO: Server started on port 3000
[2026-07-08 20:50:43] INFO: GET /films
[2026-07-08 20:50:45] INFO: GET /films/2
[2026-07-08 20:50:45] EVENT: filmViewed - Film: The Matrix
[2026-07-08 20:50:48] INFO: GET /films
[2026-07-08 20:50:50] INFO: GET /films/3
[2026-07-08 20:50:50] EVENT: filmViewed - Film: Interstellar
[2026-07-08 20:50:52] INFO: GET /films
[2026-07-08 20:50:52] INFO: GET /films/2
[2026-07-08 20:50:52] EVENT: filmViewed - Film: The Matrix
[2026-07-08 20:50:54] INFO: GET /films/2
[2026-07-08 20:50:54] EVENT: filmViewed - Film: The Matrix
[2026-07-08 20:50:54] INFO: GET /films/2
[2026-07-08 20:50:54] EVENT: filmViewed - Film: The Matrix
[2026-07-08 20:50:55] INFO: GET /films/2
[2026-07-08 20:50:55] EVENT: filmViewed - Film: The Matrix
[2026-07-08 20:50:55] INFO: GET /films/2
[2026-07-08 20:50:55] EVENT: filmViewed - Film: The Matrix
[2026-07-08 20:50:55] INFO: GET /films/2
[2026-07-08 20:50:55] EVENT: filmViewed - Film: The Matrix
[2026-07-08 20:50:55] INFO: GET /films/2
[2026-07-08 20:50:55] EVENT: filmViewed - Film: The Matrix
[2026-07-08 20:50:58] INFO: GET /films
[2026-07-08 20:50:59] INFO: GET /films/3
[2026-07-08 20:50:59] EVENT: filmViewed - Film: Interstellar
[2026-07-08 20:51:16] INFO: GET /
[2026-07-08 20:51:17] INFO: GET /films
[2026-07-08 20:51:18] INFO: GET /films/1
[2026-07-08 20:51:18] EVENT: filmViewed - Film: Inception
[2026-07-08 20:51:19] INFO: GET /
[2026-07-08 20:52:48] INFO: Server started on port 3000
[2026-07-08 20:53:18] INFO: Server started on port 3000
[2026-07-08 20:53:24] INFO: Server started on port 3000
[2026-07-08 20:53:25] INFO: GET /films
[2026-07-08 20:53:30] INFO: GET /films/5
[2026-07-08 20:53:30] EVENT: filmViewed - Film: Parasite
[2026-07-08 20:53:31] INFO: GET /films
[2026-07-08 20:53:48] INFO: GET /
[2026-07-08 20:53:48] INFO: GET /films
[2026-07-08 20:53:49] INFO: GET /
[2026-07-08 20:53:59] INFO: GET /films
[2026-07-08 20:54:26] INFO: GET /films
[2026-07-08 20:54:36] INFO: GET /films
[2026-07-08 20:54:41] INFO: GET /films
[2026-07-08 20:54:47] INFO: GET /films
[2026-07-08 20:54:54] INFO: GET /films
[2026-07-08 20:55:00] INFO: GET /films
[2026-07-08 20:55:16] INFO: GET /films
[2026-07-08 20:55:27] INFO: GET /films
[2026-07-08 20:55:33] INFO: GET /films
[2026-07-08 20:55:43] INFO: GET /films
[2026-07-08 20:55:53] INFO: GET /films/1
[2026-07-08 20:55:53] EVENT: filmViewed - Film: Inception
[2026-07-08 20:56:25] INFO: Server started on port 3000
[2026-07-08 20:56:26] INFO: GET /films/1
[2026-07-08 20:56:26] EVENT: filmViewed - Film: Inception
[2026-07-08 20:56:45] INFO: GET /films/1
[2026-07-08 20:56:45] EVENT: filmViewed - Film: Inception
[2026-07-08 20:56:50] INFO: GET /films/1
[2026-07-08 20:56:50] EVENT: filmViewed - Film: Inception
[2026-07-08 20:56:58] INFO: GET /films/1
[2026-07-08 20:56:58] EVENT: filmViewed - Film: Inception
[2026-07-08 20:56:59] INFO: GET /films
[2026-07-08 20:57:18] INFO: GET /films
[2026-07-08 20:58:03] INFO: GET /films
[2026-07-08 20:58:14] INFO: GET /
[2026-07-08 20:58:15] INFO: GET /films
[2026-07-08 20:58:22] INFO: GET /
[2026-07-08 20:58:23] INFO: GET /films
[2026-07-08 20:58:27] INFO: GET /.well-known/appspecific/com.chrome.devtools.json
[2026-07-08 20:58:47] INFO: GET /films
[2026-07-08 20:58:47] INFO: GET /.well-known/appspecific/com.chrome.devtools.json
[2026-07-08 20:58:53] INFO: GET /films
[2026-07-08 20:59:07] INFO: GET /films
[2026-07-08 20:59:13] INFO: GET /.well-known/appspecific/com.chrome.devtools.json
[2026-07-08 21:00:22] INFO: GET /films
[2026-07-08 21:00:22] INFO: GET /.well-known/appspecific/com.chrome.devtools.json
[2026-07-08 21:00:31] INFO: GET /films
[2026-07-08 21:00:31] INFO: GET /.well-known/appspecific/com.chrome.devtools.json
[2026-07-08 21:00:45] INFO: GET /films
[2026-07-08 21:00:45] INFO: GET /.well-known/appspecific/com.chrome.devtools.json
[2026-07-08 21:00:59] INFO: GET /films
[2026-07-08 21:01:04] INFO: GET /films
[2026-07-08 21:01:10] INFO: GET /films
[2026-07-08 21:01:10] INFO: GET /
[2026-07-08 21:01:14] INFO: GET /films
[2026-07-08 21:01:15] INFO: GET /films/1
[2026-07-08 21:01:15] EVENT: filmViewed - Film: Inception
[2026-07-08 21:01:57] INFO: GET /
[2026-07-08 21:01:57] INFO: GET /films
[2026-07-08 21:03:04] INFO: GET /films
